TN:
SF:src/core.ts
FNF:4
FNH:4
DA:1,49
DA:3,6
DA:4,8
DA:5,11
DA:6,3
DA:7,67
DA:8,0
DA:9,2
DA:11,26
DA:12,26
DA:13,2
DA:15,51
DA:17,31
DA:18,26
DA:19,2
DA:21,12
DA:22,36
DA:23,49
DA:24,2
DA:27,15
DA:28,9
DA:29,52
DA:30,11
DA:31,12
DA:35,15
DA:36,40
DA:37,11
DA:38,54
DA:39,1
LF:29
LH:28
end_of_record
TN:
SF:src/index.ts
FNF:1
FNH:1
DA:1,23
DA:2,24
DA:3,27
LF:3
LH:3
end_of_record
TN:
SF:src/parse.ts
FNF:15
FNH:15
DA:1,62
DA:8,18
DA:9,49
DA:12,7
DA:13,43
DA:16,1
DA:17,5
DA:18,6
DA:19,3
DA:20,23
DA:21,15
DA:22,15
DA:24,17
DA:25,28
DA:26,49
DA:27,5
DA:29,16
DA:30,43
DA:31,45
DA:32,24
DA:35,10
DA:47,1
DA:48,5
DA:49,5
DA:50,7
DA:51,13
DA:52,14
DA:53,3
DA:55,25
DA:56,11
DA:58,29
DA:59,16
DA:60,5
DA:62,34
DA:63,2
DA:67,22
DA:68,39
DA:69,39
DA:70,2
DA:76,21
DA:77,41
DA:78,26
DA:79,38
DA:80,2
DA:82,10
DA:85,1
DA:86,7
DA:87,5
DA:88,7
DA:89,3
DA:90,25
DA:91,43
DA:92,43
DA:95,9
DA:97,11
DA:98,11
DA:99,19
DA:100,25
DA:108,24
DA:109,31
DA:111,32
DA:112,24
DA:113,6
DA:114,2
DA:116,33
DA:117,25
DA:118,6
DA:119,2
DA:121,34
DA:130,6
DA:131,7
DA:132,14
DA:133,3
DA:134,11
DA:135,18
DA:136,24
DA:137,25
DA:138,33
DA:139,11
DA:140,10
DA:154,37
DA:155,35
DA:157,53
DA:158,31
DA:161,47
DA:162,20
DA:163,77
DA:164,1
DA:165,2
DA:170,31
DA:171,17
DA:172,47
DA:173,35
DA:175,37
DA:176,57
DA:177,63
DA:179,47
DA:180,36
DA:181,39
DA:182,8
DA:183,8
DA:185,47
DA:186,34
DA:187,6
DA:190,47
DA:191,36
DA:193,38
DA:194,35
DA:195,15
DA:196,2
DA:197,62
DA:198,10
DA:199,38
DA:200,24
DA:201,17
DA:202,5
DA:203,7
DA:204,13
DA:205,12
DA:206,10
DA:207,9
DA:209,64
DA:210,6
DA:211,5
DA:212,5
DA:214,16
DA:216,53
DA:218,47
DA:219,35
DA:221,37
DA:222,57
DA:223,63
DA:225,47
DA:227,36
DA:228,39
DA:229,8
DA:230,8
DA:232,24
DA:233,28
DA:235,21
DA:236,18
DA:237,19
DA:238,34
DA:239,17
DA:241,52
DA:244,39
DA:252,49
DA:253,36
DA:254,17
DA:256,48
DA:257,22
DA:258,12
DA:260,54
DA:262,6
DA:265,47
DA:266,36
DA:268,38
DA:269,26
DA:270,40
DA:271,67
DA:272,43
DA:273,10
DA:274,27
DA:275,8
DA:278,41
DA:279,43
DA:280,40
DA:281,15
DA:282,2
DA:283,62
DA:284,10
DA:285,43
DA:286,24
DA:287,22
DA:288,5
DA:289,7
DA:290,13
DA:291,12
DA:292,10
DA:293,9
DA:296,64
DA:297,6
DA:298,5
DA:299,2
DA:302,13
LF:185
LH:185
end_of_record
TN:
SF:src/stringify.ts
FNF:6
FNH:6
DA:1,40
DA:4,18
DA:5,42
DA:8,1
DA:9,7
DA:10,8
DA:11,3
DA:12,40
DA:15,1
DA:16,7
DA:17,10
DA:18,17
DA:19,3
DA:20,29
DA:21,39
DA:22,52
DA:23,12
DA:26,11
DA:28,42
DA:31,6
DA:32,8
DA:33,14
DA:34,3
DA:35,26
DA:37,11
DA:38,18
DA:39,33
DA:40,21
DA:41,29
DA:42,10
DA:44,19
DA:46,43
DA:47,30
DA:50,41
DA:52,26
DA:53,34
DA:55,42
DA:56,8
DA:57,4
DA:59,53
DA:62,32
DA:63,47
DA:65,39
DA:67,36
DA:68,83
DA:70,31
DA:72,46
DA:73,19
DA:74,11
DA:75,57
DA:76,20
DA:78,8
DA:79,8
DA:80,6
DA:82,38
DA:84,32
DA:86,36
DA:87,83
DA:88,47
DA:90,53
DA:91,8
DA:93,55
DA:95,75
DA:96,8
DA:97,6
DA:100,8
DA:101,4
DA:104,73
DA:105,2
DA:107,22
LF:70
LH:70
end_of_record
